Connecting to database specified by database.yml
Connecting to database specified by database.yml
Connecting to database specified by database.yml
Connecting to database specified by database.yml
Migrating to DeviseCreateUsers (20140709061851)
Migrating to CreateHomes (20140709065804)
Migrating to CreateRoles (20140709070755)
Connecting to database specified by database.yml
Compiled jquery.js  (2ms)  (pid 21118)
Compiled jquery_ujs.js  (33ms)  (pid 21118)
Compiled twitter/bootstrap/bootstrap-transition.js  (0ms)  (pid 21118)
Compiled twitter/bootstrap/bootstrap-alert.js  (0ms)  (pid 21118)
Compiled twitter/bootstrap/bootstrap-modal.js  (0ms)  (pid 21118)
Compiled twitter/bootstrap/bootstrap-dropdown.js  (0ms)  (pid 21118)
Compiled twitter/bootstrap/bootstrap-scrollspy.js  (0ms)  (pid 21118)
Compiled twitter/bootstrap/bootstrap-tab.js  (0ms)  (pid 21118)
Compiled twitter/bootstrap/bootstrap-tooltip.js  (0ms)  (pid 21118)
Compiled twitter/bootstrap/bootstrap-popover.js  (0ms)  (pid 21118)
Compiled twitter/bootstrap/bootstrap-button.js  (0ms)  (pid 21118)
Compiled twitter/bootstrap/bootstrap-collapse.js  (0ms)  (pid 21118)
Compiled twitter/bootstrap/bootstrap-carousel.js  (0ms)  (pid 21118)
Compiled twitter/bootstrap/bootstrap-typeahead.js  (0ms)  (pid 21118)
Compiled twitter/bootstrap/bootstrap-affix.js  (0ms)  (pid 21118)
Compiled twitter/bootstrap.js  (113ms)  (pid 21118)
Compiled bootstrap.js  (87ms)  (pid 21118)
Compiled homes.js  (1ms)  (pid 21118)
Compiled roles.js  (0ms)  (pid 21118)
Compiled application.js  (270ms)  (pid 21118)
Compiled bootstrap_and_overrides.css  (1116ms)  (pid 21118)
Warning. Error encountered while saving cache /home/nishu/mls_realestate/mls/tmp/cache/sass/740e9d3c84c9af83357d8730711be40e8c8aff1b/homes.css.scssc: can't dump anonymous class #<Class:0x000000027d9248>
Compiled homes.css  (55ms)  (pid 21118)
Compiled main.css  (0ms)  (pid 21118)
Warning. Error encountered while saving cache /home/nishu/mls_realestate/mls/tmp/cache/sass/740e9d3c84c9af83357d8730711be40e8c8aff1b/roles.css.scssc: can't dump anonymous class #<Class:0x000000027d9248>
Compiled roles.css  (2ms)  (pid 21118)
Warning. Error encountered while saving cache /home/nishu/mls_realestate/mls/tmp/cache/sass/740e9d3c84c9af83357d8730711be40e8c8aff1b/scaffolds.css.scssc: can't dump anonymous class #<Class:0x000000027d9248>
Compiled scaffolds.css  (10ms)  (pid 21118)
Compiled application.css  (1208ms)  (pid 21118)
Connecting to database specified by database.yml
Compiled jquery.js  (2ms)  (pid 21118)
Compiled jquery_ujs.js  (0ms)  (pid 21118)
Compiled twitter/bootstrap/bootstrap-transition.js  (0ms)  (pid 21118)
Compiled twitter/bootstrap/bootstrap-alert.js  (0ms)  (pid 21118)
Compiled twitter/bootstrap/bootstrap-modal.js  (0ms)  (pid 21118)
Compiled twitter/bootstrap/bootstrap-dropdown.js  (0ms)  (pid 21118)
Compiled twitter/bootstrap/bootstrap-scrollspy.js  (0ms)  (pid 21118)
Compiled twitter/bootstrap/bootstrap-tab.js  (0ms)  (pid 21118)
Compiled twitter/bootstrap/bootstrap-tooltip.js  (0ms)  (pid 21118)
Compiled twitter/bootstrap/bootstrap-popover.js  (0ms)  (pid 21118)
Compiled twitter/bootstrap/bootstrap-button.js  (0ms)  (pid 21118)
Compiled twitter/bootstrap/bootstrap-collapse.js  (0ms)  (pid 21118)
Compiled twitter/bootstrap/bootstrap-carousel.js  (0ms)  (pid 21118)
Compiled twitter/bootstrap/bootstrap-typeahead.js  (0ms)  (pid 21118)
Compiled twitter/bootstrap/bootstrap-affix.js  (0ms)  (pid 21118)
Compiled twitter/bootstrap.js  (145ms)  (pid 21118)
Compiled bootstrap.js  (98ms)  (pid 21118)
Compiled homes.js  (1ms)  (pid 21118)
Compiled roles.js  (0ms)  (pid 21118)
Compiled application.js  (281ms)  (pid 21118)
Compiled bootstrap_and_overrides.css  (1036ms)  (pid 21118)
Warning. Error encountered while saving cache /home/nishu/mls_realestate/mls/tmp/cache/sass/740e9d3c84c9af83357d8730711be40e8c8aff1b/homes.css.scssc: can't dump anonymous class #<Class:0x00000001e841c0>
Compiled homes.css  (51ms)  (pid 21118)
Compiled main.css  (0ms)  (pid 21118)
Warning. Error encountered while saving cache /home/nishu/mls_realestate/mls/tmp/cache/sass/740e9d3c84c9af83357d8730711be40e8c8aff1b/roles.css.scssc: can't dump anonymous class #<Class:0x00000001e841c0>
Compiled roles.css  (2ms)  (pid 21118)
Warning. Error encountered while saving cache /home/nishu/mls_realestate/mls/tmp/cache/sass/740e9d3c84c9af83357d8730711be40e8c8aff1b/scaffolds.css.scssc: can't dump anonymous class #<Class:0x00000001e841c0>
Compiled scaffolds.css  (10ms)  (pid 21118)
Compiled application.css  (1123ms)  (pid 21118)
